TN:
SF:src\components\Form\Button\index.tsx
FN:11,Button
FNF:1
FNH:1
FNDA:4,Button
DA:12,4
LF:1
LH:1
BRF:0
BRH:0
end_of_record
TN:
SF:src\components\Form\CategorySelectButton\index.tsx
FN:15,CategorySelectButton
FNF:1
FNH:1
FNDA:2,CategorySelectButton
DA:16,2
LF:1
LH:1
BRF:0
BRH:0
end_of_record
TN:
SF:src\components\Form\Input\index.tsx
FN:10,Input
FNF:1
FNH:1
FNDA:5,Input
DA:14,5
LF:1
LH:1
BRDA:11,0,0,4
BRF:1
BRH:1
end_of_record
TN:
SF:src\components\Form\InputForm\index.tsx
FN:15,InputForm
FN:25,(anonymous_1)
FNF:2
FNH:2
FNDA:4,InputForm
FNDA:4,(anonymous_1)
DA:21,4
DA:26,4
LF:2
LH:2
BRDA:34,0,0,4
BRDA:34,0,1,0
BRF:2
BRH:1
end_of_record
TN:
SF:src\components\Form\TransactionTypeButton\index.tsx
FN:22,TransactionTypeButton
FNF:1
FNH:1
FNDA:4,TransactionTypeButton
DA:11,1
DA:23,4
LF:2
LH:2
BRF:0
BRH:0
end_of_record
TN:
SF:src\components\HighlightCard\index.tsx
FN:26,HighlightCard
FNF:1
FNH:0
FNDA:0,HighlightCard
DA:20,0
DA:32,0
LF:2
LH:0
BRF:0
BRH:0
end_of_record
TN:
SF:src\components\HistoryCard\index.tsx
FN:15,HistoryCard
FNF:1
FNH:0
FNDA:0,HistoryCard
DA:16,0
LF:1
LH:0
BRF:0
BRH:0
end_of_record
TN:
SF:src\components\SignInSocialButton\index.tsx
FN:16,SignInSocialButton
FNF:1
FNH:0
FNDA:0,SignInSocialButton
DA:21,0
LF:1
LH:0
BRF:0
BRH:0
end_of_record
TN:
SF:src\components\TransactionCard\index.tsx
FN:26,TransactionCard
FN:28,(anonymous_1)
FNF:2
FNH:0
FNDA:0,TransactionCard
FNDA:0,(anonymous_1)
DA:27,0
DA:28,0
DA:31,0
LF:3
LH:0
BRDA:36,0,0,0
BRDA:36,0,1,0
BRF:2
BRH:0
end_of_record
TN:
SF:src\hooks\auth.tsx
FN:35,AuthProvider
FN:41,signInWithGoogle
FN:66,signInWithApple
FN:94,signOut
FN:99,(anonymous_4)
FN:100,loadUserStorageData
FN:126,useAuth
FNF:7
FNH:5
FNDA:7,AuthProvider
FNDA:3,signInWithGoogle
FNDA:0,signInWithApple
FNDA:0,signOut
FNDA:3,(anonymous_4)
FNDA:3,loadUserStorageData
FNDA:9,useAuth
DA:33,2
DA:36,7
DA:37,7
DA:39,7
DA:42,3
DA:43,3
DA:49,3
DA:50,1
DA:57,1
DA:58,1
DA:62,1
DA:67,0
DA:68,0
DA:75,0
DA:76,0
DA:77,0
DA:78,0
DA:85,0
DA:86,0
DA:90,0
DA:95,0
DA:96,0
DA:99,7
DA:101,3
DA:103,3
DA:104,0
DA:105,0
DA:107,3
DA:110,3
DA:113,7
DA:127,9
DA:129,9
LF:32
LH:19
BRDA:49,0,0,1
BRDA:49,0,1,1
BRDA:75,1,0,0
BRDA:75,1,1,0
BRDA:103,2,0,0
BRDA:103,2,1,3
BRF:6
BRH:3
end_of_record
TN:
SF:src\routes\app.routes.tsx
FN:13,AppRoutes
FN:32,(anonymous_1)
FN:46,(anonymous_2)
FN:60,(anonymous_3)
FNF:4
FNH:0
FNDA:0,AppRoutes
FNDA:0,(anonymous_1)
FNDA:0,(anonymous_2)
FNDA:0,(anonymous_3)
DA:11,0
DA:14,0
DA:16,0
DA:33,0
DA:47,0
DA:61,0
LF:6
LH:0
BRDA:23,0,0,0
BRDA:23,0,1,0
BRF:2
BRH:0
end_of_record
TN:
SF:src\routes\auth.routes.tsx
FN:8,AuthRoutes
FNF:1
FNH:0
FNDA:0,AuthRoutes
DA:6,0
DA:9,0
LF:2
LH:0
BRF:0
BRH:0
end_of_record
TN:
SF:src\routes\index.tsx
FN:9,Routes
FNF:1
FNH:0
FNDA:0,Routes
DA:10,0
DA:12,0
LF:2
LH:0
BRDA:14,0,0,0
BRDA:14,0,1,0
BRF:2
BRH:0
end_of_record
TN:
SF:src\screens\CategorySelect\index.tsx
FN:29,CategorySelect
FN:35,handleCategorySelect
FN:48,(anonymous_2)
FN:49,(anonymous_3)
FN:51,(anonymous_4)
FN:58,(anonymous_5)
FNF:6
FNH:4
FNDA:2,CategorySelect
FNDA:0,handleCategorySelect
FNDA:12,(anonymous_2)
FNDA:12,(anonymous_3)
FNDA:0,(anonymous_4)
FNDA:10,(anonymous_5)
DA:36,0
DA:39,2
DA:48,12
DA:50,12
DA:51,0
DA:58,10
LF:6
LH:4
BRF:0
BRH:0
end_of_record
TN:
SF:src\screens\Dashboard\index.tsx
FN:45,Dashboard
FN:53,getLastTransactionDate
FN:58,(anonymous_2)
FN:65,(anonymous_3)
FN:70,loadTransactions
FN:79,(anonymous_5)
FN:149,(anonymous_6)
FN:153,(anonymous_7)
FN:210,(anonymous_8)
FN:211,(anonymous_9)
FNF:10
FNH:0
FNDA:0,Dashboard
FNDA:0,getLastTransactionDate
FNDA:0,(anonymous_2)
FNDA:0,(anonymous_3)
FNDA:0,loadTransactions
FNDA:0,(anonymous_5)
FNDA:0,(anonymous_6)
FNDA:0,(anonymous_7)
FNDA:0,(anonymous_8)
FNDA:0,(anonymous_9)
DA:46,0
DA:47,0
DA:48,0
DA:50,0
DA:51,0
DA:57,0
DA:58,0
DA:60,0
DA:61,0
DA:64,0
DA:65,0
DA:67,0
DA:71,0
DA:72,0
DA:73,0
DA:75,0
DA:76,0
DA:78,0
DA:81,0
DA:82,0
DA:84,0
DA:87,0
DA:92,0
DA:98,0
DA:108,0
DA:110,0
DA:111,0
DA:112,0
DA:116,0
DA:118,0
DA:146,0
DA:149,0
DA:150,0
DA:153,0
DA:154,0
DA:157,0
DA:210,0
DA:211,0
LF:38
LH:0
BRDA:60,0,0,0
BRDA:60,0,1,0
BRDA:73,1,0,0
BRDA:73,1,1,0
BRDA:81,2,0,0
BRDA:81,2,1,0
BRDA:112,3,0,0
BRDA:112,3,1,0
BRDA:124,4,0,0
BRDA:124,4,1,0
BRDA:133,5,0,0
BRDA:133,5,1,0
BRDA:160,6,0,0
BRDA:160,6,1,0
BRF:14
BRH:0
end_of_record
TN:
SF:src\screens\Profile\index.tsx
FN:9,Profile
FN:31,(anonymous_1)
FNF:2
FNH:1
FNDA:3,Profile
FNDA:0,(anonymous_1)
DA:10,3
LF:1
LH:1
BRF:0
BRH:0
end_of_record
TN:
SF:src\screens\Register\index.tsx
FN:49,Register
FN:71,handleTransactionsTypeSelect
FN:75,handleOpenSelectCategoryModal
FN:79,handleCloseSelectCategoryModal
FN:83,handleRegister
FN:158,(anonymous_5)
FN:164,(anonymous_6)
FNF:7
FNH:2
FNDA:2,Register
FNDA:0,handleTransactionsTypeSelect
FNDA:1,handleOpenSelectCategoryModal
FNDA:0,handleCloseSelectCategoryModal
FNDA:0,handleRegister
FNDA:0,(anonymous_5)
FNDA:0,(anonymous_6)
DA:38,1
DA:50,2
DA:51,2
DA:53,2
DA:55,2
DA:60,2
DA:67,2
DA:72,0
DA:76,1
DA:80,0
DA:85,0
DA:86,0
DA:89,0
DA:90,0
DA:93,0
DA:102,0
DA:103,0
DA:104,0
DA:105,0
DA:107,0
DA:112,0
DA:114,0
DA:115,0
DA:116,0
DA:121,0
DA:124,0
DA:125,0
DA:129,2
DA:158,0
DA:164,0
LF:30
LH:9
BRDA:85,0,0,0
BRDA:85,0,1,0
BRDA:89,1,0,0
BRDA:89,1,1,0
BRDA:105,2,0,0
BRDA:105,2,1,0
BRDA:144,3,0,2
BRDA:144,3,1,0
BRDA:151,4,0,2
BRDA:151,4,1,0
BRF:10
BRH:2
end_of_record
TN:
SF:src\screens\Resume\index.tsx
FN:48,Resume
FN:56,handleDateChange
FN:64,loadData
FN:71,(anonymous_3)
FN:78,(anonymous_4)
FN:84,(anonymous_5)
FN:87,(anonymous_6)
FN:119,(anonymous_7)
FN:145,(anonymous_8)
FN:153,(anonymous_9)
FN:161,(anonymous_10)
FN:176,(anonymous_11)
FNF:12
FNH:0
FNDA:0,Resume
FNDA:0,handleDateChange
FNDA:0,loadData
FNDA:0,(anonymous_3)
FNDA:0,(anonymous_4)
FNDA:0,(anonymous_5)
FNDA:0,(anonymous_6)
FNDA:0,(anonymous_7)
FNDA:0,(anonymous_8)
FNDA:0,(anonymous_9)
FNDA:0,(anonymous_10)
FNDA:0,(anonymous_11)
DA:49,0
DA:50,0
DA:51,0
DA:53,0
DA:54,0
DA:57,0
DA:58,0
DA:60,0
DA:65,0
DA:66,0
DA:67,0
DA:68,0
DA:70,0
DA:72,0
DA:77,0
DA:79,0
DA:82,0
DA:84,0
DA:85,0
DA:87,0
DA:88,0
DA:89,0
DA:93,0
DA:94,0
DA:100,0
DA:101,0
DA:103,0
DA:115,0
DA:116,0
DA:119,0
DA:120,0
DA:123,0
DA:145,0
DA:153,0
DA:161,0
DA:177,0
LF:36
LH:0
BRDA:57,0,0,0
BRDA:57,0,1,0
BRDA:68,1,0,0
BRDA:68,1,1,0
BRDA:72,2,0,0
BRDA:72,2,1,0
BRDA:72,2,2,0
BRDA:88,3,0,0
BRDA:88,3,1,0
BRDA:93,4,0,0
BRDA:93,4,1,0
BRDA:129,5,0,0
BRDA:129,5,1,0
BRF:13
BRH:0
end_of_record
TN:
SF:src\screens\SignIn\index.tsx
FN:24,SignIn
FN:29,handleSignInWithGoogle
FN:40,handleSignInWithApple
FNF:3
FNH:0
FNDA:0,SignIn
FNDA:0,handleSignInWithGoogle
FNDA:0,handleSignInWithApple
DA:25,0
DA:26,0
DA:27,0
DA:30,0
DA:31,0
DA:32,0
DA:34,0
DA:35,0
DA:36,0
DA:41,0
DA:42,0
DA:43,0
DA:45,0
DA:46,0
DA:47,0
DA:51,0
LF:16
LH:0
BRDA:82,0,0,0
BRDA:82,0,1,0
BRDA:91,1,0,0
BRDA:91,1,1,0
BRF:4
BRH:0
end_of_record
